2024-05-11T13:10:29.469+0530 [main] INFO  o.s.t.c.s.AnnotationConfigContextLoaderUtils - Could not detect default configuration classes for test class [com.example.questionservice.QuestionServiceApplicationTests]: QuestionServiceApplicationTests does not declare any static, non-private, non-final, nested classes annotated with @Configuration.
2024-05-11T13:10:29.604+0530 [main] INFO  o.s.b.t.c.SpringBootTestContextBootstrapper - Found @SpringBootConfiguration com.example.questionservice.QuestionServiceApplication for test class com.example.questionservice.QuestionServiceApplicationTests
2024-05-11T13:10:30.621+0530 [main] INFO  o.s.c.c.c.ConfigServicePropertySourceLocator - Fetching config from server at : http://localhost:9296
2024-05-11T13:10:32.096+0530 [main] INFO  o.s.c.c.c.ConfigServicePropertySourceLocator - Located environment: name=question-service, profiles=[default], label=null, version=a388f76341eb1597da67e1f7ed1a7cf827631b49, state=null
2024-05-11T13:10:32.098+0530 [main] INFO  o.s.c.b.c.PropertySourceBootstrapConfiguration - Located property source: [BootstrapPropertySource {name='bootstrapProperties-configClient'}, BootstrapPropertySource {name='bootstrapProperties-https://github.com/saihemath2000/config-server/application.yml'}]
2024-05-11T13:10:32.122+0530 [main] INFO  c.e.q.QuestionServiceApplicationTests - No active profile set, falling back to 1 default profile: "default"
2024-05-11T13:10:32.693+0530 [main] INFO  o.s.d.r.c.RepositoryConfigurationDelegate - Bootstrapping Spring Data JPA repositories in DEFAULT mode.
2024-05-11T13:10:32.838+0530 [main] INFO  o.s.d.r.c.RepositoryConfigurationDelegate - Finished Spring Data repository scanning in 135 ms. Found 1 JPA repository interface.
2024-05-11T13:10:33.072+0530 [main] INFO  o.s.cloud.context.scope.GenericScope - BeanFactory id=b5532245-6341-3b05-acc9-d5a6186cabd2
2024-05-11T13:10:33.339+0530 [main] INFO  o.h.jpa.internal.util.LogHelper - HHH000204: Processing PersistenceUnitInfo [name: default]
2024-05-11T13:10:33.407+0530 [main] INFO  org.hibernate.Version - HHH000412: Hibernate ORM core version 6.2.22.Final
2024-05-11T13:10:33.409+0530 [main] INFO  org.hibernate.cfg.Environment - HHH000406: Using bytecode reflection optimizer
2024-05-11T13:10:33.579+0530 [main] INFO  o.s.o.j.p.SpringPersistenceUnitInfo - No LoadTimeWeaver setup: ignoring JPA class transformer
2024-05-11T13:10:33.607+0530 [main] INFO  com.zaxxer.hikari.HikariDataSource - HikariPool-1 - Starting...
2024-05-11T13:10:34.017+0530 [main] INFO  com.zaxxer.hikari.pool.HikariPool - HikariPool-1 - Added connection com.mysql.cj.jdbc.ConnectionImpl@15a0f9
2024-05-11T13:10:34.020+0530 [main] INFO  com.zaxxer.hikari.HikariDataSource - HikariPool-1 - Start completed.
2024-05-11T13:10:34.076+0530 [main] WARN  org.hibernate.orm.deprecation - HHH90000025: MySQLDialect does not need to be specified explicitly using 'hibernate.dialect' (remove the property setting and it will be selected by default)
2024-05-11T13:10:34.795+0530 [main] INFO  o.h.e.t.j.p.i.JtaPlatformInitiator - HHH000489: No JTA platform available (set 'hibernate.transaction.jta.platform' to enable JTA platform integration)
2024-05-11T13:10:34.844+0530 [main] INFO  o.s.o.j.LocalContainerEntityManagerFactoryBean - Initialized JPA EntityManagerFactory for persistence unit 'default'
2024-05-11T13:10:35.141+0530 [main] INFO  o.s.d.j.r.query.QueryEnhancerFactory - Hibernate is in classpath; If applicable, HQL parser will be used.
2024-05-11T13:10:35.335+0530 [main] WARN  o.s.b.a.o.j.JpaBaseConfiguration$JpaWebConfiguration - spring.jpa.open-in-view is enabled by default. Therefore, database queries may be performed during view rendering. Explicitly configure spring.jpa.open-in-view to disable this warning
2024-05-11T13:10:35.883+0530 [main] INFO  o.s.c.n.e.c.DiscoveryClientOptionalArgsConfiguration - Eureka HTTP Client uses RestTemplate.
2024-05-11T13:10:35.959+0530 [main] WARN  o.s.c.l.c.LoadBalancerCacheAutoConfiguration$LoadBalancerCaffeineWarnLogger - Spring Cloud LoadBalancer is currently working with the default cache. While this cache implementation is useful for development and tests, it's recommended to use Caffeine cache in production.You can switch to using Caffeine cache, by adding it and org.springframework.cache.caffeine.CaffeineCacheManager to the classpath.
2024-05-11T13:10:35.986+0530 [main] INFO  o.s.c.n.eureka.InstanceInfoFactory - Setting initial instance status as: STARTING
2024-05-11T13:10:36.089+0530 [main] INFO  c.netflix.discovery.DiscoveryClient - Initializing Eureka in region us-east-1
2024-05-11T13:10:36.094+0530 [main] INFO  c.n.d.s.r.aws.ConfigClusterResolver - Resolving eureka endpoints via configuration
2024-05-11T13:10:36.118+0530 [main] INFO  c.netflix.discovery.DiscoveryClient - Disable delta property : false
2024-05-11T13:10:36.119+0530 [main] INFO  c.netflix.discovery.DiscoveryClient - Single vip registry refresh property : null
2024-05-11T13:10:36.119+0530 [main] INFO  c.netflix.discovery.DiscoveryClient - Force full registry fetch : false
2024-05-11T13:10:36.119+0530 [main] INFO  c.netflix.discovery.DiscoveryClient - Application is null : false
2024-05-11T13:10:36.119+0530 [main] INFO  c.netflix.discovery.DiscoveryClient - Registered Applications size is zero : true
2024-05-11T13:10:36.119+0530 [main] INFO  c.netflix.discovery.DiscoveryClient - Application version is -1: true
2024-05-11T13:10:36.120+0530 [main] INFO  c.netflix.discovery.DiscoveryClient - Getting all instance registry info from the eureka server
2024-05-11T13:10:36.380+0530 [main] INFO  c.netflix.discovery.DiscoveryClient - The response status is 200
2024-05-11T13:10:36.384+0530 [main] INFO  c.netflix.discovery.DiscoveryClient - Starting heartbeat executor: renew interval is: 30
2024-05-11T13:10:36.387+0530 [main] INFO  c.n.discovery.InstanceInfoReplicator - InstanceInfoReplicator onDemand update allowed rate per min is 4
2024-05-11T13:10:36.392+0530 [main] INFO  c.netflix.discovery.DiscoveryClient - Discovery Client initialized at timestamp 1715413236391 with initial instances count: 1
2024-05-11T13:10:36.396+0530 [main] INFO  o.s.c.n.e.s.EurekaServiceRegistry - Registering application QUESTION-SERVICE with eureka with status UP
2024-05-11T13:10:36.396+0530 [main] INFO  c.netflix.discovery.DiscoveryClient - Saw local status change event StatusChangeEvent [timestamp=1715413236396, current=UP, previous=STARTING]
2024-05-11T13:10:36.398+0530 [DiscoveryClient-InstanceInfoReplicator-0] INFO  c.netflix.discovery.DiscoveryClient - DiscoveryClient_QUESTION-SERVICE/sai-iiitb:question-service: registering service...
2024-05-11T13:10:36.417+0530 [main] INFO  c.e.q.QuestionServiceApplicationTests - Started QuestionServiceApplicationTests in 6.634 seconds (process running for 9.357)
2024-05-11T13:10:36.456+0530 [DiscoveryClient-InstanceInfoReplicator-0] INFO  c.netflix.discovery.DiscoveryClient - DiscoveryClient_QUESTION-SERVICE/sai-iiitb:question-service - registration status: 204
2024-05-11T13:10:36.489+0530 [SpringApplicationShutdownHook] INFO  o.s.c.n.e.s.EurekaServiceRegistry - Unregistering application QUESTION-SERVICE with eureka with status DOWN
2024-05-11T13:10:36.490+0530 [SpringApplicationShutdownHook] INFO  c.netflix.discovery.DiscoveryClient - Saw local status change event StatusChangeEvent [timestamp=1715413236490, current=DOWN, previous=UP]
2024-05-11T13:10:36.490+0530 [DiscoveryClient-InstanceInfoReplicator-0] INFO  c.netflix.discovery.DiscoveryClient - DiscoveryClient_QUESTION-SERVICE/sai-iiitb:question-service: registering service...
2024-05-11T13:10:36.495+0530 [SpringApplicationShutdownHook] INFO  o.s.o.j.LocalContainerEntityManagerFactoryBean - Closing JPA EntityManagerFactory for persistence unit 'default'
2024-05-11T13:10:36.496+0530 [DiscoveryClient-InstanceInfoReplicator-0] INFO  c.netflix.discovery.DiscoveryClient - DiscoveryClient_QUESTION-SERVICE/sai-iiitb:question-service - registration status: 204
2024-05-11T13:10:36.498+0530 [SpringApplicationShutdownHook] INFO  com.zaxxer.hikari.HikariDataSource - HikariPool-1 - Shutdown initiated...
2024-05-11T13:10:36.507+0530 [SpringApplicationShutdownHook] INFO  com.zaxxer.hikari.HikariDataSource - HikariPool-1 - Shutdown completed.
2024-05-11T13:10:36.508+0530 [SpringApplicationShutdownHook] INFO  c.netflix.discovery.DiscoveryClient - Shutting down DiscoveryClient ...
2024-05-11T13:10:39.510+0530 [SpringApplicationShutdownHook] INFO  c.netflix.discovery.DiscoveryClient - Unregistering ...
2024-05-11T13:10:39.519+0530 [SpringApplicationShutdownHook] INFO  c.netflix.discovery.DiscoveryClient - DiscoveryClient_QUESTION-SERVICE/sai-iiitb:question-service - deregister  status: 200
2024-05-11T13:10:39.526+0530 [SpringApplicationShutdownHook] INFO  c.netflix.discovery.DiscoveryClient - Completed shut down of DiscoveryClient
